<?xml version="1.0" encoding="UTF-8"?>
<!-- Generated by org.testng.reporters.JUnitXMLReporter -->
<testsuite hostname="Admin_SRV-PC" ignored="0" name="Testff" tests="13" failures="0" timestamp="2022-05-02T16:45:39 IST" time="56.573" errors="0">
  <testcase name="finaldata" time="2.612" classname="Tests.Dataexcelutilsp"/>
  <testcase name="finaldata" time="1.146" classname="Tests.Dataexcelutilsp"/>
  <testcase name="finaldata" time="1.155" classname="Tests.Dataexcelutilsp"/>
  <testcase name="finaldata" time="0.766" classname="Tests.Dataexcelutilsp"/>
  <testcase name="finaldata" time="0.635" classname="Tests.Dataexcelutilsp"/>
  <testcase name="finaldata" time="0.884" classname="Tests.Dataexcelutilsp"/>
  <testcase name="finaldata" time="1.543" classname="Tests.Dataexcelutilsp"/>
  <testcase name="finaldata" time="0.657" classname="Tests.Dataexcelutilsp"/>
  <testcase name="finaldata" time="1.552" classname="Tests.Dataexcelutilsp"/>
  <testcase name="finaldata" time="0.735" classname="Tests.Dataexcelutilsp"/>
  <testcase name="finaldata" time="0.788" classname="Tests.Dataexcelutilsp"/>
  <testcase name="finaldata" time="0.692" classname="Tests.Dataexcelutilsp"/>
  <testcase name="finaldata" time="0.638" classname="Tests.Dataexcelutilsp"/>
</testsuite> <!-- Testff -->
