<?xml version="1.0" encoding="UTF-8"?>
<!-- Generated by org.testng.reporters.JUnitXMLReporter -->
<testsuite hostname="Admin_SRV-PC" ignored="0" name="Testcc" tests="13" failures="0" timestamp="2022-05-02T16:45:36 IST" time="53.454" errors="0">
  <testcase name="finaldata" time="2.451" classname="Tests.Dataexcelutilsp"/>
  <testcase name="finaldata" time="0.697" classname="Tests.Dataexcelutilsp"/>
  <testcase name="finaldata" time="1.787" classname="Tests.Dataexcelutilsp"/>
  <testcase name="finaldata" time="0.865" classname="Tests.Dataexcelutilsp"/>
  <testcase name="finaldata" time="1.533" classname="Tests.Dataexcelutilsp"/>
  <testcase name="finaldata" time="0.606" classname="Tests.Dataexcelutilsp"/>
  <testcase name="finaldata" time="0.764" classname="Tests.Dataexcelutilsp"/>
  <testcase name="finaldata" time="0.856" classname="Tests.Dataexcelutilsp"/>
  <testcase name="finaldata" time="0.603" classname="Tests.Dataexcelutilsp"/>
  <testcase name="finaldata" time="0.783" classname="Tests.Dataexcelutilsp"/>
  <testcase name="finaldata" time="0.802" classname="Tests.Dataexcelutilsp"/>
  <testcase name="finaldata" time="0.708" classname="Tests.Dataexcelutilsp"/>
  <testcase name="finaldata" time="0.716" classname="Tests.Dataexcelutilsp"/>
</testsuite> <!-- Testcc -->
